2026-04-15 12:57:24.233185 | ALERT | Distributed Brute Force | User: admin | Unique IPs: 36 | Attempts: 51
2026-04-15 12:57:26.796658 | ALERT | Distributed Brute Force | User: admin | Unique IPs: 37 | Attempts: 51
2026-04-15 12:57:29.411511 | ALERT | Distributed Brute Force | User: admin | Unique IPs: 34 | Attempts: 51
2026-04-15 12:57:30.216462 | ALERT | Distributed Brute Force | User: root | Unique IPs: 29 | Attempts: 51
2026-04-15 12:57:30.317563 | ALERT | Distributed Brute Force | User: test | Unique IPs: 36 | Attempts: 51
2026-04-15 12:57:31.020713 | ALERT | Distributed Brute Force | User: guest | Unique IPs: 32 | Attempts: 51
2026-04-15 12:57:31.825288 | ALERT | Distributed Brute Force | User: admin | Unique IPs: 36 | Attempts: 51
2026-04-15 12:57:34.237666 | ALERT | Distributed Brute Force | User: admin | Unique IPs: 36 | Attempts: 51
2026-04-15 12:57:36.669514 | ALERT | Distributed Brute Force | User: admin | Unique IPs: 37 | Attempts: 51
2026-04-15 12:57:37.373143 | ALERT | Distributed Brute Force | User: root | Unique IPs: 36 | Attempts: 51
2026-04-15 12:57:38.983427 | ALERT | Distributed Brute Force | User: admin | Unique IPs: 34 | Attempts: 51
2026-04-15 12:57:39.286523 | ALERT | Distributed Brute Force | User: guest | Unique IPs: 34 | Attempts: 51
2026-04-15 12:57:41.095502 | ALERT | Distributed Brute Force | User: admin | Unique IPs: 34 | Attempts: 51
2026-04-15 12:57:43.206796 | ALERT | Distributed Brute Force | User: admin | Unique IPs: 38 | Attempts: 51
2026-04-15 12:57:45.483741 | ALERT | Distributed Brute Force | User: root | Unique IPs: 32 | Attempts: 51
2026-04-15 12:57:45.686196 | ALERT | Distributed Brute Force | User: admin | Unique IPs: 36 | Attempts: 51
2026-04-15 12:57:47.898836 | ALERT | Distributed Brute Force | User: admin | Unique IPs: 36 | Attempts: 51
2026-04-15 12:57:48.100640 | ALERT | Distributed Brute Force | User: user1 | Unique IPs: 48 | Attempts: 51
2026-04-15 12:57:48.521609 | ALERT | Distributed Brute Force | User: guest | Unique IPs: 36 | Attempts: 51
2026-04-15 12:57:50.434946 | ALERT | Distributed Brute Force | User: admin | Unique IPs: 31 | Attempts: 51
2026-04-15 12:57:52.546948 | ALERT | Distributed Brute Force | User: admin | Unique IPs: 38 | Attempts: 51
